<?xml version="1.0" encoding="UTF-8"?>
<!-- Generated by org.testng.reporters.JUnitReportReporter -->
<testsuite skipped="0" hostname="IT-PC" name="com.crm.qa.testcases.LoginPageTest" tests="1" failures="0" timestamp="18 Jun 2019 10:39:51 GMT" time="10.177" errors="0">
  <testcase name="loginPageTitleTest" time="10.177" classname="com.crm.qa.testcases.LoginPageTest"/>
</testsuite> <!-- com.crm.qa.testcases.LoginPageTest -->
